<?xml version="1.0" encoding="UTF-8"?>
<!-- Generated by org.testng.reporters.JUnitReportReporter -->
<testsuite hostname="DESKTOP-CGTN2DQ" failures="0" tests="1" name="com.crm.vtigerTY.organization.CreateOrganizationWithContactTest" time="90.567" errors="0" timestamp="2022-06-24T13:00:05 IST" skipped="0">
  <testcase classname="com.crm.vtigerTY.organization.CreateOrganizationWithContactTest" name="createOranizationAndContactsAndVerify" time="90.567"/>
  <system-out>
    <![CDATA[Contact is created and Test case is pass]]>
  </system-out>
</testsuite> <!-- com.crm.vtigerTY.organization.CreateOrganizationWithContactTest -->
