<?xml version="1.0" encoding="UTF-8"?>
<!-- Generated by org.testng.reporters.JUnitReportReporter -->
<testsuite hostname="DESKTOP-CGTN2DQ" failures="0" tests="1" name="com.crm.vtigerTY.contacts.SelectLastViewedContactAndLogoutTest" time="39.315" errors="0" timestamp="2022-06-24T13:00:05 IST" skipped="0">
  <testcase classname="com.crm.vtigerTY.contacts.SelectLastViewedContactAndLogoutTest" name="selectLastViewContactLogout" time="39.315"/>
  <system-out>
    <![CDATA[test case is pass]]>
  </system-out>
</testsuite> <!-- com.crm.vtigerTY.contacts.SelectLastViewedContactAndLogoutTest -->
