<?xml version="1.0" encoding="UTF-8"?>
<!-- Generated by org.testng.reporters.JUnitReportReporter -->
<testsuite hostname="DESKTOP-CGTN2DQ" failures="0" tests="1" name="com.crm.vtigerTY.contacts.CreateContactAndVerifyTest" time="63.839" errors="0" timestamp="2022-06-23T15:37:42 IST" skipped="0">
  <testcase classname="com.crm.vtigerTY.contacts.CreateContactAndVerifyTest" name="createContactsAndVerify" time="63.839"/>
  <system-out/>
</testsuite> <!-- com.crm.vtigerTY.contacts.CreateContactAndVerifyTest -->
