<?xml version="1.0" encoding="UTF-8"?>
<!-- Generated by org.testng.reporters.JUnitReportReporter -->
<testsuite hostname="DESKTOP-CGTN2DQ" failures="0" tests="1" name="com.crm.vtigerTY.contacts.EditContactAndVerifyTest" time="32.961" errors="0" timestamp="2022-06-21T13:15:36 IST" skipped="0">
  <testcase classname="com.crm.vtigerTY.contacts.EditContactAndVerifyTest" name="editContactAndVerify" time="32.961"/>
  <system-out>
    <![CDATA[Contact is created and Test case is pass]]>
  </system-out>
</testsuite> <!-- com.crm.vtigerTY.contacts.EditContactAndVerifyTest -->
