<?xml version="1.0" encoding="UTF-8"?>
<!-- Generated by org.testng.reporters.JUnitReportReporter -->
<testsuite hostname="DESKTOP-CGTN2DQ" failures="0" tests="1" name="com.crm.vtigerTY.contacts.DuplicateTheContactAndVerifyTest" time="20.048" errors="0" timestamp="2022-06-21T13:25:46 IST" skipped="0">
  <testcase classname="com.crm.vtigerTY.contacts.DuplicateTheContactAndVerifyTest" name="selectDuplicateContact" time="20.048"/>
  <system-out>
    <![CDATA[Contact is created and Test case is pass]]>
  </system-out>
</testsuite> <!-- com.crm.vtigerTY.contacts.DuplicateTheContactAndVerifyTest -->
